{
  "RSpec": {
    "coverage": {
      "/Users/Toby/Desktop/cs169/coursehub/app/controllers/calendar_controller.rb": [
        1,
        null,
        1,
        1,
        1,
        null,
        1,
        null,
        1,
        null,
        null,
        null
      ],
      "/Users/Toby/Desktop/cs169/coursehub/app/controllers/application_controller.rb": [
        1,
        1,
        null,
        null
      ],
      "/Users/Toby/Desktop/cs169/coursehub/app/controllers/coursem_controller.rb": [
        1,
        null,
        1,
        null,
        null,
        1,
        1,
        1,
        1,
        1,
        1,
        1,
        1,
        1,
        1,
        1,
        1,
        null,
        1,
        2,
        2,
        2,
        2,
        4,
        null,
        2,
        null,
        null,
        null,
        null,
        1,
        1,
        1,
        1,
        1,
        1,
        null,
        1,
        1,
        1,
        null,
        null,
        null,
        null,
        null,
        null,
        null,
        1,
        17,
        17,
        null,
        17,
        1,
        2,
        1,
        1,
        null,
        null,
        16,
        16,
        null,
        16,
        16,
        16,
        16,
        null,
        16,
        null,
        16,
        16,
        16,
        null,
        16,
        1,
        1,
        null,
        15,
        15,
        null,
        16,
        16,
        16,
        null,
        null,
        null,
        null
      ],
      "/Users/Toby/Desktop/cs169/coursehub/app/models/coursem.rb": [
        1,
        null,
        1,
        null,
        null,
        1,
        1,
        null,
        1,
        1,
        1,
        1,
        1,
        null,
        null,
        1,
        1,
        1,
        1,
        1,
        1,
        1,
        null,
        null,
        1,
        3,
        3,
        null,
        null,
        null,
        1,
        15,
        15,
        1,
        null,
        14,
        14,
        14,
        14,
        14,
        null,
        null,
        null,
        null,
        1,
        10,
        1,
        null,
        9,
        9,
        8,
        null,
        8,
        null,
        7,
        2,
        null,
        2,
        null,
        null,
        6,
        3,
        3,
        3,
        2,
        null,
        1,
        null,
        null,
        null,
        1,
        null,
        null,
        null,
        1,
        null,
        null,
        null,
        null,
        null,
        null,
        1,
        2,
        2,
        2,
        1,
        1,
        1,
        null,
        null,
        null,
        null,
        null,
        null,
        null,
        null,
        1,
        2,
        2,
        1,
        null,
        1,
        1,
        null,
        null,
        null,
        null
      ],
      "/Users/Toby/Desktop/cs169/coursehub/app/controllers/courses_controller.rb": [
        1,
        null,
        1,
        null,
        null,
        null,
        null,
        1,
        null,
        38,
        38,
        38,
        38,
        56,
        null,
        null,
        null,
        1,
        17,
        17,
        33,
        null,
        null,
        null,
        null,
        null,
        null,
        1,
        17,
        17,
        33,
        null,
        null,
        null,
        null,
        null,
        null,
        1,
        3,
        3,
        1,
        2,
        1,
        1,
        null,
        null,
        2,
        null,
        null,
        2,
        2,
        2,
        2,
        null,
        null,
        null,
        null,
        1,
        1,
        1,
        null,
        null,
        null,
        null
      ],
      "/Users/Toby/Desktop/cs169/coursehub/app/models/course.rb": [
        1,
        1,
        null,
        1,
        1,
        null,
        1,
        1,
        null,
        null,
        null,
        1,
        405,
        274,
        137,
        137,
        137,
        137,
        137,
        137,
        114,
        null,
        137,
        137,
        109,
        null,
        137,
        137,
        136,
        null,
        null,
        null,
        null,
        1,
        17,
        17,
        17,
        42,
        33,
        null,
        null,
        17,
        17,
        null,
        null,
        null,
        1,
        41,
        26,
        null,
        null,
        41,
        16,
        null,
        21,
        null,
        1,
        null,
        3,
        null,
        null,
        null,
        null,
        null,
        1,
        1,
        1,
        1,
        1,
        null,
        null,
        null,
        1,
        1,
        15,
        3,
        null,
        2,
        null,
        1,
        null,
        null,
        19,
        9,
        9,
        9,
        9,
        4,
        null,
        9,
        5,
        null,
        4,
        4,
        null,
        null,
        null,
        null,
        null,
        null,
        null,
        1,
        null,
        1,
        2,
        2,
        1,
        null,
        1,
        1,
        null,
        null,
        null,
        null,
        null
      ],
      "/Users/Toby/Desktop/cs169/coursehub/app/controllers/events_controller.rb": [
        1,
        null,
        1,
        null,
        null,
        1,
        2,
        2,
        null,
        null,
        1,
        3,
        3,
        3,
        null,
        null,
        1,
        5,
        5,
        5,
        5,
        5,
        null,
        null,
        null,
        5,
        5,
        null,
        4,
        null,
        1,
        null,
        null,
        null,
        null,
        1,
        3,
        3,
        3,
        null,
        null,
        1,
        5,
        5,
        5,
        5,
        5,
        5,
        5,
        5,
        5,
        5,
        5,
        null,
        5,
        5,
        4,
        null,
        1,
        null,
        null,
        null,
        null,
        null,
        1,
        2,
        2,
        2,
        2,
        2,
        null,
        null,
        2,
        2,
        null,
        null,
        null,
        null,
        null
      ],
      "/Users/Toby/Desktop/cs169/coursehub/app/models/event.rb": [
        1,
        1,
        null,
        1,
        null,
        1,
        null,
        null,
        1,
        33,
        null,
        null,
        null,
        1,
        1,
        null,
        null,
        1,
        2,
        2,
        null,
        1,
        2,
        2,
        null,
        1,
        2,
        2,
        null,
        null,
        1,
        3,
        3,
        1,
        null,
        3,
        3,
        3,
        2,
        2,
        null,
        1,
        null,
        null,
        null,
        1,
        2,
        2,
        2,
        null,
        null,
        null
      ],
      "/Users/Toby/Desktop/cs169/coursehub/app/controllers/resources_controller.rb": [
        1,
        1,
        null,
        1,
        1,
        null,
        null,
        1,
        1,
        1,
        1,
        1,
        null,
        null,
        null,
        1,
        9,
        9,
        1,
        null,
        8,
        null,
        null,
        null,
        1,
        5,
        5,
        5,
        5,
        null,
        null,
        1,
        5,
        5,
        5,
        5,
        null,
        5,
        5,
        9,
        null,
        null,
        null,
        null,
        1,
        3,
        3,
        3,
        3,
        3,
        null,
        null,
        null,
        1,
        8,
        8,
        8,
        2,
        2,
        2,
        2,
        null,
        null,
        null,
        8,
        15,
        null,
        null,
        null,
        1,
        1,
        1,
        1,
        null,
        0,
        null,
        null,
        null,
        1,
        1,
        1,
        1,
        null,
        0,
        null,
        null,
        null,
        null
      ],
      "/Users/Toby/Desktop/cs169/coursehub/app/models/resource.rb": [
        1,
        1,
        null,
        1,
        null,
        null,
        1,
        1,
        1,
        1,
        null,
        null,
        1,
        1,
        null,
        null,
        1,
        11,
        11,
        11,
        null,
        null,
        null,
        null,
        1,
        2,
        2,
        1,
        1,
        1,
        null,
        null,
        1,
        null,
        null,
        null,
        null
      ],
      "/Users/Toby/Desktop/cs169/coursehub/app/controllers/users_controller.rb": [
        1,
        null,
        null,
        1,
        23,
        null,
        23,
        23,
        22,
        null,
        null,
        23,
        23,
        23,
        null,
        23,
        23,
        23,
        4,
        null,
        23,
        null,
        23,
        23,
        23,
        null,
        23,
        null,
        null,
        23,
        23,
        20,
        null,
        3,
        null,
        23,
        null,
        null,
        1,
        5,
        null,
        4,
        4,
        4,
        4,
        null,
        null,
        1,
        null,
        null,
        null,
        1,
        3,
        2,
        2,
        2,
        2,
        null,
        1,
        null,
        null,
        null,
        1,
        3,
        null,
        2,
        2,
        2,
        2,
        null,
        null,
        1,
        null,
        null,
        null,
        1,
        3,
        2,
        2,
        2,
        2,
        null,
        1,
        null,
        null,
        null,
        1,
        1,
        1,
        1,
        1,
        null,
        null,
        1,
        6,
        6,
        6,
        null,
        null
      ],
      "/Users/Toby/Desktop/cs169/coursehub/app/models/comment.rb": [
        1,
        1,
        null,
        null,
        1,
        1,
        null,
        1,
        1,
        null,
        null,
        1,
        1,
        null,
        1,
        7,
        6,
        6,
        null,
        1,
        null,
        null,
        1,
        2,
        2,
        1,
        1,
        null,
        1,
        null,
        null,
        null,
        1,
        2,
        2,
        null,
        null,
        null,
        1,
        1,
        1,
        null,
        null,
        1,
        1,
        1,
        1,
        1,
        1,
        1,
        null,
        null,
        1,
        null,
        null,
        null,
        null,
        null
      ],
      "/Users/Toby/Desktop/cs169/coursehub/app/models/favorite.rb": [
        1,
        null,
        1,
        1,
        null
      ],
      "/Users/Toby/Desktop/cs169/coursehub/app/models/semester.rb": [
        1,
        1,
        null,
        1,
        1,
        null,
        1,
        1,
        null,
        null,
        1,
        1,
        1,
        1,
        1,
        null,
        null,
        1,
        17,
        17,
        17,
        null,
        17,
        2,
        null,
        3,
        null,
        null,
        12,
        12,
        12,
        3,
        null,
        9,
        null,
        null,
        null,
        null,
        null,
        null,
        null,
        1,
        null,
        1,
        2,
        2,
        1,
        null,
        1,
        1,
        null,
        null,
        null,
        null,
        null,
        null
      ],
      "/Users/Toby/Desktop/cs169/coursehub/app/controllers/devise_controller.rb": [
        null,
        1,
        1,
        null,
        1,
        null,
        1,
        null,
        1,
        1,
        null,
        1,
        1,
        null,
        null,
        1,
        167,
        null,
        null,
        null,
        1,
        440,
        null,
        1,
        null,
        null,
        1,
        52,
        null,
        null,
        1,
        26,
        null,
        null,
        null,
        1,
        0,
        null,
        null,
        null,
        1,
        796,
        null,
        null,
        null,
        null,
        null,
        null,
        1,
        null,
        0,
        null,
        47,
        94,
        null,
        null,
        1,
        null,
        1,
        null,
        null,
        1,
        0,
        null,
        null,
        null,
        null,
        null,
        null,
        null,
        null,
        null,
        null,
        null,
        null,
        null,
        null,
        92,
        null,
        null,
        null,
        1,
        6,
        null,
        null,
        1,
        0,
        0,
        null,
        null,
        null,
        1,
        66,
        null,
        null,
        null,
        null,
        1,
        22,
        null,
        22,
        22,
        22,
        3,
        3,
        null,
        null,
        null,
        0,
        null,
        null,
        null,
        null,
        null,
        null,
        null,
        1,
        45,
        45,
        45,
        null,
        45,
        45,
        45,
        null,
        0,
        null,
        null,
        45,
        0,
        0,
        null,
        null,
        null,
        null,
        null,
        null,
        1,
        0,
        0,
        0,
        null,
        0,
        null,
        null,
        0,
        0,
        0,
        null,
        null,
        null,
        null,
        null,
        null,
        null,
        null,
        null,
        null,
        null,
        null,
        null,
        null,
        null,
        null,
        null,
        1,
        17,
        17,
        17,
        17,
        17,
        17,
        null,
        null,
        1,
        25,
        null,
        null,
        1,
        0,
        0,
        null,
        null,
        null
      ],
      "/Users/Toby/Desktop/cs169/coursehub/app/models/resources/homework.rb": [
        1,
        null
      ],
      "/Users/Toby/Desktop/cs169/coursehub/app/models/resources/announcement.rb": [
        1,
        null
      ],
      "/Users/Toby/Desktop/cs169/coursehub/app/models/resources/discussion.rb": [
        1,
        null
      ],
      "/Users/Toby/Desktop/cs169/coursehub/app/models/resources/discussion_solution.rb": [
        1,
        null
      ],
      "/Users/Toby/Desktop/cs169/coursehub/app/models/resources/exam.rb": [
        1,
        null
      ],
      "/Users/Toby/Desktop/cs169/coursehub/app/models/resources/exam_solution.rb": [
        1,
        null
      ],
      "/Users/Toby/Desktop/cs169/coursehub/app/models/resources/homework_solution.rb": [
        1,
        null
      ],
      "/Users/Toby/Desktop/cs169/coursehub/app/models/resources/lecture_notes.rb": [
        1,
        null
      ],
      "/Users/Toby/Desktop/cs169/coursehub/app/models/resources/online_resource.rb": [
        1,
        null
      ],
      "/Users/Toby/Desktop/cs169/coursehub/app/models/resources/other.rb": [
        1,
        null
      ],
      "/Users/Toby/Desktop/cs169/coursehub/app/controllers/devise/sessions_controller.rb": [
        1,
        1,
        1,
        40,
        null,
        null,
        1,
        22,
        22,
        22,
        null,
        null,
        null,
        1,
        15,
        14,
        14,
        14,
        null,
        null,
        null,
        1,
        2,
        2,
        2,
        null,
        null,
        null,
        2,
        2,
        4,
        null,
        null,
        null,
        1,
        null,
        1,
        22,
        22,
        22,
        22,
        null,
        null,
        1,
        15,
        null,
        null
      ],
      "/Users/Toby/Desktop/cs169/coursehub/app/controllers/devise/registrations_controller.rb": [
        1,
        1,
        1,
        null,
        null,
        1,
        4,
        4,
        null,
        null,
        null,
        1,
        4,
        null,
        4,
        1,
        1,
        1,
        1,
        null,
        0,
        0,
        0,
        null,
        null,
        3,
        3,
        null,
        null,
        null,
        null,
        1,
        0,
        0,
        null,
        null,
        null,
        null,
        null,
        1,
        0,
        0,
        null,
        0,
        0,
        0,
        null,
        0,
        null,
        0,
        0,
        null,
        0,
        0,
        null,
        null,
        null,
        null,
        1,
        0,
        0,
        0,
        0,
        null,
        null,
        null,
        null,
        null,
        null,
        null,
        1,
        0,
        0,
        null,
        null,
        1,
        null,
        1,
        null,
        0,
        null,
        null,
        null,
        null,
        null,
        1,
        8,
        8,
        null,
        null,
        null,
        null,
        1,
        1,
        null,
        null,
        null,
        null,
        1,
        1,
        null,
        null,
        null,
        null,
        1,
        0,
        null,
        null,
        null,
        null,
        1,
        0,
        null,
        null,
        null,
        1,
        0,
        0,
        null,
        null
      ]
    },
    "timestamp": 1367621749
  }
}
